[ 2015-11-21T15:48:49+08:00 ] 127.0.0.1 /
INFO: [ app_init ] --START--
INFO: Run Behavior\BuildLiteBehavior [ RunTime:0.000000s ]
INFO: [ app_init ] --END-- [ RunTime:0.003000s ]
INFO: [ app_begin ] --START--
INFO: Run Behavior\ReadHtmlCacheBehavior [ RunTime:0.002000s ]
INFO: [ app_begin ] --END-- [ RunTime:0.002000s ]
NOTIC: [8] Undefined variable: COMMON_TPL_PATH D:\webstudy\php\Application\Home\Controller\IndexController.class.php 第 7 行.
INFO: [ view_parse ] --START--
NOTIC: [2] file_get_contents(header.tpl): failed to open stream: No such file or directory D:\webstudy\php\ThinkPHP\Library\Think\Template.class.php 第 696 行.
INFO: [ template_filter ] --START--
INFO: Run Behavior\ContentReplaceBehavior [ RunTime:0.000000s ]
INFO: [ template_filter ] --END-- [ RunTime:0.001000s ]
INFO: Run Behavior\ParseTemplateBehavior [ RunTime:0.018001s ]
INFO: [ view_parse ] --END-- [ RunTime:0.018001s ]
INFO: [ view_filter ] --START--
INFO: Run Behavior\WriteHtmlCacheBehavior [ RunTime:0.003000s ]
INFO: [ view_filter ] --END-- [ RunTime:0.003000s ]
INFO: [ app_end ] --START--
INFO: Run Behavior\ShowPageTraceBehavior [ RunTime:0.003000s ]
INFO: [ app_end ] --END-- [ RunTime:0.003000s ]

[ 2015-11-21T15:48:57+08:00 ] 127.0.0.1 /
INFO: [ app_init ] --START--
INFO: Run Behavior\BuildLiteBehavior [ RunTime:0.000000s ]
INFO: [ app_init ] --END-- [ RunTime:0.000000s ]
INFO: [ app_begin ] --START--
INFO: Run Behavior\ReadHtmlCacheBehavior [ RunTime:0.001000s ]
INFO: [ app_begin ] --END-- [ RunTime:0.001000s ]
NOTIC: [8] Undefined variable: COMMON_TPL_PATH D:\webstudy\php\Application\Home\Controller\IndexController.class.php 第 7 行.
INFO: [ view_parse ] --START--
NOTIC: [2] file_get_contents(header.tpl): failed to open stream: No such file or directory D:\webstudy\php\ThinkPHP\Library\Think\Template.class.php 第 696 行.
INFO: [ template_filter ] --START--
INFO: Run Behavior\ContentReplaceBehavior [ RunTime:0.000000s ]
INFO: [ template_filter ] --END-- [ RunTime:0.000000s ]
INFO: Run Behavior\ParseTemplateBehavior [ RunTime:0.006001s ]
INFO: [ view_parse ] --END-- [ RunTime:0.006001s ]
INFO: [ view_filter ] --START--
INFO: Run Behavior\WriteHtmlCacheBehavior [ RunTime:0.000000s ]
INFO: [ view_filter ] --END-- [ RunTime:0.000000s ]
INFO: [ app_end ] --START--
INFO: Run Behavior\ShowPageTraceBehavior [ RunTime:0.001000s ]
INFO: [ app_end ] --END-- [ RunTime:0.001000s ]

[ 2015-11-21T15:49:04+08:00 ] 127.0.0.1 /
INFO: [ app_init ] --START--
INFO: Run Behavior\BuildLiteBehavior [ RunTime:0.000000s ]
INFO: [ app_init ] --END-- [ RunTime:0.000000s ]
INFO: [ app_begin ] --START--
INFO: Run Behavior\ReadHtmlCacheBehavior [ RunTime:0.000000s ]
INFO: [ app_begin ] --END-- [ RunTime:0.000000s ]
NOTIC: [8] Undefined variable: COMMON_TPL_PATH D:\webstudy\php\Application\Home\Controller\IndexController.class.php 第 7 行.
INFO: [ view_parse ] --START--
NOTIC: [2] file_get_contents(header.tpl): failed to open stream: No such file or directory D:\webstudy\php\ThinkPHP\Library\Think\Template.class.php 第 696 行.
INFO: [ template_filter ] --START--
INFO: Run Behavior\ContentReplaceBehavior [ RunTime:0.000000s ]
INFO: [ template_filter ] --END-- [ RunTime:0.001000s ]
INFO: Run Behavior\ParseTemplateBehavior [ RunTime:0.007000s ]
INFO: [ view_parse ] --END-- [ RunTime:0.007000s ]
INFO: [ view_filter ] --START--
INFO: Run Behavior\WriteHtmlCacheBehavior [ RunTime:0.000000s ]
INFO: [ view_filter ] --END-- [ RunTime:0.001000s ]
INFO: [ app_end ] --START--
INFO: Run Behavior\ShowPageTraceBehavior [ RunTime:0.001001s ]
INFO: [ app_end ] --END-- [ RunTime:0.002001s ]

[ 2015-11-21T15:50:01+08:00 ] 127.0.0.1 /
INFO: [ app_init ] --START--
INFO: Run Behavior\BuildLiteBehavior [ RunTime:0.000000s ]
INFO: [ app_init ] --END-- [ RunTime:0.001000s ]
INFO: [ app_begin ] --START--
INFO: Run Behavior\ReadHtmlCacheBehavior [ RunTime:0.001000s ]
INFO: [ app_begin ] --END-- [ RunTime:0.001000s ]
NOTIC: [8] Undefined variable: COMMON_TPL_PATH D:\webstudy\php\Application\Home\Controller\IndexController.class.php 第 7 行.
INFO: [ view_parse ] --START--
NOTIC: [2] file_get_contents(header.tpl): failed to open stream: No such file or directory D:\webstudy\php\ThinkPHP\Library\Think\Template.class.php 第 696 行.
INFO: [ template_filter ] --START--
INFO: Run Behavior\ContentReplaceBehavior [ RunTime:0.000000s ]
INFO: [ template_filter ] --END-- [ RunTime:0.001000s ]
INFO: Run Behavior\ParseTemplateBehavior [ RunTime:0.006000s ]
INFO: [ view_parse ] --END-- [ RunTime:0.006000s ]
INFO: [ view_filter ] --START--
INFO: Run Behavior\WriteHtmlCacheBehavior [ RunTime:0.001000s ]
INFO: [ view_filter ] --END-- [ RunTime:0.001000s ]
INFO: [ app_end ] --START--
INFO: Run Behavior\ShowPageTraceBehavior [ RunTime:0.001000s ]
INFO: [ app_end ] --END-- [ RunTime:0.001000s ]

[ 2015-11-21T15:51:04+08:00 ] 127.0.0.1 /
INFO: [ app_init ] --START--
INFO: Run Behavior\BuildLiteBehavior [ RunTime:0.000000s ]
INFO: [ app_init ] --END-- [ RunTime:0.000000s ]
INFO: [ app_begin ] --START--
INFO: Run Behavior\ReadHtmlCacheBehavior [ RunTime:0.000000s ]
INFO: [ app_begin ] --END-- [ RunTime:0.000000s ]
NOTIC: [8] Undefined variable: COMMON_TPL_PATH D:\webstudy\php\Application\Home\Controller\IndexController.class.php 第 7 行.
NOTIC: [8] Array to string conversion D:\webstudy\php\Application\Home\Controller\IndexController.class.php 第 7 行.
INFO: [ view_parse ] --START--
NOTIC: [2] file_get_contents(header.tpl): failed to open stream: No such file or directory D:\webstudy\php\ThinkPHP\Library\Think\Template.class.php 第 696 行.
INFO: [ template_filter ] --START--
INFO: Run Behavior\ContentReplaceBehavior [ RunTime:0.000000s ]
INFO: [ template_filter ] --END-- [ RunTime:0.001000s ]
INFO: Run Behavior\ParseTemplateBehavior [ RunTime:0.007000s ]
INFO: [ view_parse ] --END-- [ RunTime:0.007000s ]
INFO: [ view_filter ] --START--
INFO: Run Behavior\WriteHtmlCacheBehavior [ RunTime:0.001001s ]
INFO: [ view_filter ] --END-- [ RunTime:0.001001s ]
INFO: [ app_end ] --START--
INFO: Run Behavior\ShowPageTraceBehavior [ RunTime:0.001000s ]
INFO: [ app_end ] --END-- [ RunTime:0.001000s ]

[ 2015-11-21T15:51:23+08:00 ] 127.0.0.1 /
INFO: [ app_init ] --START--
INFO: Run Behavior\BuildLiteBehavior [ RunTime:0.000000s ]
INFO: [ app_init ] --END-- [ RunTime:0.001001s ]
INFO: [ app_begin ] --START--
INFO: Run Behavior\ReadHtmlCacheBehavior [ RunTime:0.001000s ]
INFO: [ app_begin ] --END-- [ RunTime:0.001000s ]
INFO: [ view_parse ] --START--
NOTIC: [2] file_get_contents(header.tpl): failed to open stream: No such file or directory D:\webstudy\php\ThinkPHP\Library\Think\Template.class.php 第 696 行.
INFO: [ template_filter ] --START--
INFO: Run Behavior\ContentReplaceBehavior [ RunTime:0.000000s ]
INFO: [ template_filter ] --END-- [ RunTime:0.000000s ]
INFO: Run Behavior\ParseTemplateBehavior [ RunTime:0.010000s ]
INFO: [ view_parse ] --END-- [ RunTime:0.010000s ]
INFO: [ view_filter ] --START--
INFO: Run Behavior\WriteHtmlCacheBehavior [ RunTime:0.001001s ]
INFO: [ view_filter ] --END-- [ RunTime:0.001001s ]
INFO: [ app_end ] --START--
INFO: Run Behavior\ShowPageTraceBehavior [ RunTime:0.001000s ]
INFO: [ app_end ] --END-- [ RunTime:0.001000s ]

[ 2015-11-21T15:52:42+08:00 ] 127.0.0.1 /
INFO: [ app_init ] --START--
INFO: Run Behavior\BuildLiteBehavior [ RunTime:0.001000s ]
INFO: [ app_init ] --END-- [ RunTime:0.001000s ]
INFO: [ app_begin ] --START--
INFO: Run Behavior\ReadHtmlCacheBehavior [ RunTime:0.001001s ]
INFO: [ app_begin ] --END-- [ RunTime:0.001001s ]

[ 2015-11-21T15:52:58+08:00 ] 127.0.0.1 /
INFO: [ app_init ] --START--
INFO: Run Behavior\BuildLiteBehavior [ RunTime:0.000000s ]
INFO: [ app_init ] --END-- [ RunTime:0.001000s ]
INFO: [ app_begin ] --START--
INFO: Run Behavior\ReadHtmlCacheBehavior [ RunTime:0.001000s ]
INFO: [ app_begin ] --END-- [ RunTime:0.001000s ]
INFO: [ view_parse ] --START--
NOTIC: [2] file_get_contents(header.tpl): failed to open stream: No such file or directory D:\webstudy\php\ThinkPHP\Library\Think\Template.class.php 第 696 行.
INFO: [ template_filter ] --START--
INFO: Run Behavior\ContentReplaceBehavior [ RunTime:0.000000s ]
INFO: [ template_filter ] --END-- [ RunTime:0.000000s ]
INFO: Run Behavior\ParseTemplateBehavior [ RunTime:0.007000s ]
INFO: [ view_parse ] --END-- [ RunTime:0.007000s ]
INFO: [ view_filter ] --START--
INFO: Run Behavior\WriteHtmlCacheBehavior [ RunTime:0.001000s ]
INFO: [ view_filter ] --END-- [ RunTime:0.001000s ]
INFO: [ app_end ] --START--
INFO: Run Behavior\ShowPageTraceBehavior [ RunTime:0.001000s ]
INFO: [ app_end ] --END-- [ RunTime:0.001000s ]

[ 2015-11-21T16:01:34+08:00 ] 127.0.0.1 /
INFO: [ app_init ] --START--
INFO: Run Behavior\BuildLiteBehavior [ RunTime:0.000000s ]
INFO: [ app_init ] --END-- [ RunTime:0.000000s ]
INFO: [ app_begin ] --START--
INFO: Run Behavior\ReadHtmlCacheBehavior [ RunTime:0.001000s ]
INFO: [ app_begin ] --END-- [ RunTime:0.001000s ]
INFO: [ view_parse ] --START--
NOTIC: [2] simplexml_load_string(): Entity: line 1: parser error : Unescaped '&lt;' not allowed in attributes values D:\webstudy\php\ThinkPHP\Library\Think\Template.class.php 第 275 行.
NOTIC: [2] simplexml_load_string(): &lt;tpl&gt;&lt;tag file=&quot;&lt;%$path%&gt;header.tpl&quot; /&gt;&lt;/tpl&gt; D:\webstudy\php\ThinkPHP\Library\Think\Template.class.php 第 275 行.
NOTIC: [2] simplexml_load_string():                 ^ D:\webstudy\php\ThinkPHP\Library\Think\Template.class.php 第 275 行.
NOTIC: [2] simplexml_load_string(): Entity: line 1: parser error : attributes construct error D:\webstudy\php\ThinkPHP\Library\Think\Template.class.php 第 275 行.
NOTIC: [2] simplexml_load_string(): &lt;tpl&gt;&lt;tag file=&quot;&lt;%$path%&gt;header.tpl&quot; /&gt;&lt;/tpl&gt; D:\webstudy\php\ThinkPHP\Library\Think\Template.class.php 第 275 行.
NOTIC: [2] simplexml_load_string():                 ^ D:\webstudy\php\ThinkPHP\Library\Think\Template.class.php 第 275 行.
NOTIC: [2] simplexml_load_string(): Entity: line 1: parser error : Couldn't find end of Start Tag tag line 1 D:\webstudy\php\ThinkPHP\Library\Think\Template.class.php 第 275 行.
NOTIC: [2] simplexml_load_string(): &lt;tpl&gt;&lt;tag file=&quot;&lt;%$path%&gt;header.tpl&quot; /&gt;&lt;/tpl&gt; D:\webstudy\php\ThinkPHP\Library\Think\Template.class.php 第 275 行.
NOTIC: [2] simplexml_load_string():                 ^ D:\webstudy\php\ThinkPHP\Library\Think\Template.class.php 第 275 行.
NOTIC: [2] simplexml_load_string(): Entity: line 1: parser error : StartTag: invalid element name D:\webstudy\php\ThinkPHP\Library\Think\Template.class.php 第 275 行.
NOTIC: [2] simplexml_load_string(): &lt;tpl&gt;&lt;tag file=&quot;&lt;%$path%&gt;header.tpl&quot; /&gt;&lt;/tpl&gt; D:\webstudy\php\ThinkPHP\Library\Think\Template.class.php 第 275 行.
NOTIC: [2] simplexml_load_string():                  ^ D:\webstudy\php\ThinkPHP\Library\Think\Template.class.php 第 275 行.
ERR: XML标签语法错误

[ 2015-11-21T16:01:50+08:00 ] 127.0.0.1 /
INFO: [ app_init ] --START--
INFO: Run Behavior\BuildLiteBehavior [ RunTime:0.000000s ]
INFO: [ app_init ] --END-- [ RunTime:0.001000s ]
INFO: [ app_begin ] --START--
INFO: Run Behavior\ReadHtmlCacheBehavior [ RunTime:0.001000s ]
INFO: [ app_begin ] --END-- [ RunTime:0.001000s ]
INFO: [ view_parse ] --START--
NOTIC: [2] simplexml_load_string(): Entity: line 1: parser error : AttValue: &quot; or ' expected D:\webstudy\php\ThinkPHP\Library\Think\Template.class.php 第 275 行.
NOTIC: [2] simplexml_load_string(): &lt;tpl&gt;&lt;tag file=&lt;%$path%&gt;&quot;header.tpl&quot; /&gt;&lt;/tpl&gt; D:\webstudy\php\ThinkPHP\Library\Think\Template.class.php 第 275 行.
NOTIC: [2] simplexml_load_string():                ^ D:\webstudy\php\ThinkPHP\Library\Think\Template.class.php 第 275 行.
NOTIC: [2] simplexml_load_string(): Entity: line 1: parser error : attributes construct error D:\webstudy\php\ThinkPHP\Library\Think\Template.class.php 第 275 行.
NOTIC: [2] simplexml_load_string(): &lt;tpl&gt;&lt;tag file=&lt;%$path%&gt;&quot;header.tpl&quot; /&gt;&lt;/tpl&gt; D:\webstudy\php\ThinkPHP\Library\Think\Template.class.php 第 275 行.
NOTIC: [2] simplexml_load_string():                ^ D:\webstudy\php\ThinkPHP\Library\Think\Template.class.php 第 275 行.
NOTIC: [2] simplexml_load_string(): Entity: line 1: parser error : Couldn't find end of Start Tag tag line 1 D:\webstudy\php\ThinkPHP\Library\Think\Template.class.php 第 275 行.
NOTIC: [2] simplexml_load_string(): &lt;tpl&gt;&lt;tag file=&lt;%$path%&gt;&quot;header.tpl&quot; /&gt;&lt;/tpl&gt; D:\webstudy\php\ThinkPHP\Library\Think\Template.class.php 第 275 行.
NOTIC: [2] simplexml_load_string():                ^ D:\webstudy\php\ThinkPHP\Library\Think\Template.class.php 第 275 行.
NOTIC: [2] simplexml_load_string(): Entity: line 1: parser error : StartTag: invalid element name D:\webstudy\php\ThinkPHP\Library\Think\Template.class.php 第 275 行.
NOTIC: [2] simplexml_load_string(): &lt;tpl&gt;&lt;tag file=&lt;%$path%&gt;&quot;header.tpl&quot; /&gt;&lt;/tpl&gt; D:\webstudy\php\ThinkPHP\Library\Think\Template.class.php 第 275 行.
NOTIC: [2] simplexml_load_string():                 ^ D:\webstudy\php\ThinkPHP\Library\Think\Template.class.php 第 275 行.
ERR: XML标签语法错误

[ 2015-11-21T16:01:54+08:00 ] 127.0.0.1 /
INFO: [ app_init ] --START--
INFO: Run Behavior\BuildLiteBehavior [ RunTime:0.000000s ]
INFO: [ app_init ] --END-- [ RunTime:0.001000s ]
INFO: [ app_begin ] --START--
INFO: Run Behavior\ReadHtmlCacheBehavior [ RunTime:0.001001s ]
INFO: [ app_begin ] --END-- [ RunTime:0.001001s ]
INFO: [ view_parse ] --START--
NOTIC: [2] file_get_contents(header.tpl): failed to open stream: No such file or directory D:\webstudy\php\ThinkPHP\Library\Think\Template.class.php 第 696 行.
INFO: [ template_filter ] --START--
INFO: Run Behavior\ContentReplaceBehavior [ RunTime:0.000000s ]
INFO: [ template_filter ] --END-- [ RunTime:0.001000s ]
INFO: Run Behavior\ParseTemplateBehavior [ RunTime:0.008000s ]
INFO: [ view_parse ] --END-- [ RunTime:0.008000s ]
INFO: [ view_filter ] --START--
INFO: Run Behavior\WriteHtmlCacheBehavior [ RunTime:0.001000s ]
INFO: [ view_filter ] --END-- [ RunTime:0.001000s ]
INFO: [ app_end ] --START--
INFO: Run Behavior\ShowPageTraceBehavior [ RunTime:0.001000s ]
INFO: [ app_end ] --END-- [ RunTime:0.001000s ]

[ 2015-11-21T16:02:03+08:00 ] 127.0.0.1 /
INFO: [ app_init ] --START--
INFO: Run Behavior\BuildLiteBehavior [ RunTime:0.000000s ]
INFO: [ app_init ] --END-- [ RunTime:0.001000s ]
INFO: [ app_begin ] --START--
INFO: Run Behavior\ReadHtmlCacheBehavior [ RunTime:0.001000s ]
INFO: [ app_begin ] --END-- [ RunTime:0.001000s ]
INFO: [ view_parse ] --START--
NOTIC: [2] simplexml_load_string(): Entity: line 1: parser error : Unescaped '&lt;' not allowed in attributes values D:\webstudy\php\ThinkPHP\Library\Think\Template.class.php 第 275 行.
NOTIC: [2] simplexml_load_string(): &lt;tpl&gt;&lt;tag file=&quot;&lt;%$path%&gt;header.tpl&quot; /&gt;&lt;/tpl&gt; D:\webstudy\php\ThinkPHP\Library\Think\Template.class.php 第 275 行.
NOTIC: [2] simplexml_load_string():                 ^ D:\webstudy\php\ThinkPHP\Library\Think\Template.class.php 第 275 行.
NOTIC: [2] simplexml_load_string(): Entity: line 1: parser error : attributes construct error D:\webstudy\php\ThinkPHP\Library\Think\Template.class.php 第 275 行.
NOTIC: [2] simplexml_load_string(): &lt;tpl&gt;&lt;tag file=&quot;&lt;%$path%&gt;header.tpl&quot; /&gt;&lt;/tpl&gt; D:\webstudy\php\ThinkPHP\Library\Think\Template.class.php 第 275 行.
NOTIC: [2] simplexml_load_string():                 ^ D:\webstudy\php\ThinkPHP\Library\Think\Template.class.php 第 275 行.
NOTIC: [2] simplexml_load_string(): Entity: line 1: parser error : Couldn't find end of Start Tag tag line 1 D:\webstudy\php\ThinkPHP\Library\Think\Template.class.php 第 275 行.
NOTIC: [2] simplexml_load_string(): &lt;tpl&gt;&lt;tag file=&quot;&lt;%$path%&gt;header.tpl&quot; /&gt;&lt;/tpl&gt; D:\webstudy\php\ThinkPHP\Library\Think\Template.class.php 第 275 行.
NOTIC: [2] simplexml_load_string():                 ^ D:\webstudy\php\ThinkPHP\Library\Think\Template.class.php 第 275 行.
NOTIC: [2] simplexml_load_string(): Entity: line 1: parser error : StartTag: invalid element name D:\webstudy\php\ThinkPHP\Library\Think\Template.class.php 第 275 行.
NOTIC: [2] simplexml_load_string(): &lt;tpl&gt;&lt;tag file=&quot;&lt;%$path%&gt;header.tpl&quot; /&gt;&lt;/tpl&gt; D:\webstudy\php\ThinkPHP\Library\Think\Template.class.php 第 275 行.
NOTIC: [2] simplexml_load_string():                  ^ D:\webstudy\php\ThinkPHP\Library\Think\Template.class.php 第 275 行.
ERR: XML标签语法错误

[ 2015-11-21T16:28:49+08:00 ] 127.0.0.1 /
INFO: [ app_init ] --START--
INFO: Run Behavior\BuildLiteBehavior [ RunTime:0.000000s ]
INFO: [ app_init ] --END-- [ RunTime:0.001000s ]
INFO: [ app_begin ] --START--
INFO: Run Behavior\ReadHtmlCacheBehavior [ RunTime:0.001000s ]
INFO: [ app_begin ] --END-- [ RunTime:0.001000s ]
INFO: [ app_end ] --START--
INFO: Run Behavior\ShowPageTraceBehavior [ RunTime:0.001000s ]
INFO: [ app_end ] --END-- [ RunTime:0.001000s ]

[ 2015-11-21T16:28:50+08:00 ] 127.0.0.1 /
INFO: [ app_init ] --START--
INFO: Run Behavior\BuildLiteBehavior [ RunTime:0.000000s ]
INFO: [ app_init ] --END-- [ RunTime:0.000000s ]
INFO: [ app_begin ] --START--
INFO: Run Behavior\ReadHtmlCacheBehavior [ RunTime:0.001000s ]
INFO: [ app_begin ] --END-- [ RunTime:0.001000s ]
INFO: [ app_end ] --START--
INFO: Run Behavior\ShowPageTraceBehavior [ RunTime:0.001000s ]
INFO: [ app_end ] --END-- [ RunTime:0.001000s ]

[ 2015-11-21T16:29:12+08:00 ] 127.0.0.1 /
INFO: [ app_init ] --START--
INFO: Run Behavior\BuildLiteBehavior [ RunTime:0.000000s ]
INFO: [ app_init ] --END-- [ RunTime:0.001000s ]
INFO: [ app_begin ] --START--
INFO: Run Behavior\ReadHtmlCacheBehavior [ RunTime:0.001001s ]
INFO: [ app_begin ] --END-- [ RunTime:0.001001s ]
INFO: [ app_end ] --START--
INFO: Run Behavior\ShowPageTraceBehavior [ RunTime:0.001000s ]
INFO: [ app_end ] --END-- [ RunTime:0.001000s ]

[ 2015-11-21T16:29:13+08:00 ] 127.0.0.1 /
INFO: [ app_init ] --START--
INFO: Run Behavior\BuildLiteBehavior [ RunTime:0.000000s ]
INFO: [ app_init ] --END-- [ RunTime:0.000000s ]
INFO: [ app_begin ] --START--
INFO: Run Behavior\ReadHtmlCacheBehavior [ RunTime:0.001000s ]
INFO: [ app_begin ] --END-- [ RunTime:0.001000s ]
INFO: [ app_end ] --START--
INFO: Run Behavior\ShowPageTraceBehavior [ RunTime:0.001000s ]
INFO: [ app_end ] --END-- [ RunTime:0.001000s ]

[ 2015-11-21T16:29:13+08:00 ] 127.0.0.1 /
INFO: [ app_init ] --START--
INFO: Run Behavior\BuildLiteBehavior [ RunTime:0.000000s ]
INFO: [ app_init ] --END-- [ RunTime:0.001001s ]
INFO: [ app_begin ] --START--
INFO: Run Behavior\ReadHtmlCacheBehavior [ RunTime:0.001000s ]
INFO: [ app_begin ] --END-- [ RunTime:0.001000s ]
INFO: [ app_end ] --START--
INFO: Run Behavior\ShowPageTraceBehavior [ RunTime:0.001000s ]
INFO: [ app_end ] --END-- [ RunTime:0.001000s ]

[ 2015-11-21T16:29:26+08:00 ] 127.0.0.1 /
INFO: [ app_init ] --START--
INFO: Run Behavior\BuildLiteBehavior [ RunTime:0.000000s ]
INFO: [ app_init ] --END-- [ RunTime:0.000000s ]
INFO: [ app_begin ] --START--
INFO: Run Behavior\ReadHtmlCacheBehavior [ RunTime:0.001000s ]
INFO: [ app_begin ] --END-- [ RunTime:0.001000s ]
INFO: [ app_end ] --START--
INFO: Run Behavior\ShowPageTraceBehavior [ RunTime:0.001000s ]
INFO: [ app_end ] --END-- [ RunTime:0.001000s ]

[ 2015-11-21T16:29:47+08:00 ] 127.0.0.1 /
INFO: [ app_init ] --START--
INFO: Run Behavior\BuildLiteBehavior [ RunTime:0.000000s ]
INFO: [ app_init ] --END-- [ RunTime:0.000000s ]
INFO: [ app_begin ] --START--
INFO: Run Behavior\ReadHtmlCacheBehavior [ RunTime:0.001000s ]
INFO: [ app_begin ] --END-- [ RunTime:0.001000s ]
INFO: [ app_end ] --START--
INFO: Run Behavior\ShowPageTraceBehavior [ RunTime:0.000000s ]
INFO: [ app_end ] --END-- [ RunTime:0.000000s ]

[ 2015-11-21T16:30:49+08:00 ] 127.0.0.1 /
INFO: [ app_init ] --START--
INFO: Run Behavior\BuildLiteBehavior [ RunTime:0.000000s ]
INFO: [ app_init ] --END-- [ RunTime:0.001000s ]
INFO: [ app_begin ] --START--
INFO: Run Behavior\ReadHtmlCacheBehavior [ RunTime:0.001000s ]
INFO: [ app_begin ] --END-- [ RunTime:0.001000s ]
INFO: [ app_end ] --START--
INFO: Run Behavior\ShowPageTraceBehavior [ RunTime:0.001000s ]
INFO: [ app_end ] --END-- [ RunTime:0.001000s ]

